<?xml version="1.0" encoding="UTF-8"?>
<testsuite name="ch4.streamBasic.Ch4DishTest" tests="1" skipped="0" failures="0" errors="0" timestamp="2021-06-01T14:31:50" hostname="DESKTOP-FMLL9A2" time="0.006">
  <properties/>
  <testcase name="quiz5_2_2" classname="ch4.streamBasic.Ch4DishTest" time="0.006"/>
  <system-out><![CDATA[[[2, 4], [3, 3]]
]]></system-out>
  <system-err><![CDATA[]]></system-err>
</testsuite>
